This file contains any messages produced by compilers while
running configure, to aid debugging if configure makes a mistake.

It was created by gtfold configure 2.0, which was
generated by GNU Autoconf 2.63.  Invocation command line was

  $ ./configure 

## --------- ##
## Platform. ##
## --------- ##

hostname = liq1-VirtualBox
uname -m = x86_64
uname -r = 4.13.0-45-generic
uname -s = Linux
uname -v = #50-Ubuntu SMP Wed May 30 08:23:18 UTC 2018

/usr/bin/uname -p = unknown
/bin/uname -X     = unknown

/bin/arch              = unknown
/usr/bin/arch -k       = unknown
/usr/convex/getsysinfo = unknown
/usr/bin/hostinfo      = unknown
/bin/machine           = unknown
/usr/bin/oslevel       = unknown
/bin/universe          = unknown

PATH: /usr/local/sbin
PATH: /usr/local/bin
PATH: /usr/sbin
PATH: /usr/bin
PATH: /sbin
PATH: /bin
PATH: /usr/games
PATH: /usr/local/games
PATH: /snap/bin


## ----------- ##
## Core tests. ##
## ----------- ##

configure:1901: checking build system type
configure:1919: result: x86_64-unknown-linux-gnu
configure:1941: checking host system type
configure:1956: result: x86_64-unknown-linux-gnu
configure:1978: checking target system type
configure:1993: result: x86_64-unknown-linux-gnu
configure:2038: checking for a BSD-compatible install
configure:2106: result: /usr/bin/install -c
configure:2117: checking whether build environment is sane
configure:2177: result: yes
configure:2318: checking for a thread-safe mkdir -p
configure:2357: result: /bin/mkdir -p
configure:2370: checking for gawk
configure:2400: result: no
configure:2370: checking for mawk
configure:2386: found /usr/bin/mawk
configure:2397: result: mawk
configure:2408: checking whether make sets $(MAKE)
configure:2430: result: yes
configure:2595: checking for xlc
configure:2625: result: no
configure:2595: checking for gcc
configure:2611: found /usr/bin/gcc
configure:2622: result: gcc
configure:2656: checking for C compiler version
configure:2664: gcc --version >&5
gcc (Ubuntu 7.2.0-8ubuntu3.2) 7.2.0
Copyright (C) 2017 Free Software Foundation, Inc.
This is free software; see the source for copying conditions.  There is NO
warranty; not even for MERCHANTABILITY or FITNESS FOR A PARTICULAR PURPOSE.

configure:2668: $? = 0
configure:2675: gcc -v >&5
Using built-in specs.
COLLECT_GCC=gcc
COLLECT_LTO_WRAPPER=/usr/lib/gcc/x86_64-linux-gnu/7/lto-wrapper
OFFLOAD_TARGET_NAMES=nvptx-none
OFFLOAD_TARGET_DEFAULT=1
Target: x86_64-linux-gnu
Configured with: ../src/configure -v --with-pkgversion='Ubuntu 7.2.0-8ubuntu3.2' --with-bugurl=file:///usr/share/doc/gcc-7/README.Bugs --enable-languages=c,ada,c++,go,brig,d,fortran,objc,obj-c++ --prefix=/usr --with-gcc-major-version-only --program-suffix=-7 --program-prefix=x86_64-linux-gnu- --enable-shared --enable-linker-build-id --libexecdir=/usr/lib --without-included-gettext --enable-threads=posix --libdir=/usr/lib --enable-nls --with-sysroot=/ --enable-clocale=gnu --enable-libstdcxx-debug --enable-libstdcxx-time=yes --with-default-libstdcxx-abi=new --enable-gnu-unique-object --disable-vtable-verify --enable-libmpx --enable-plugin --enable-default-pie --with-system-zlib --with-target-system-zlib --enable-objc-gc=auto --enable-multiarch --disable-werror --with-arch-32=i686 --with-abi=m64 --with-multilib-list=m32,m64,mx32 --enable-multilib --with-tune=generic --enable-offload-targets=nvptx-none --without-cuda-driver --enable-checking=release --build=x86_64-linux-gnu --host=x86_64-linux-gnu --target=x86_64-linux-gnu
Thread model: posix
gcc version 7.2.0 (Ubuntu 7.2.0-8ubuntu3.2) 
configure:2679: $? = 0
configure:2686: gcc -V >&5
gcc: error: unrecognized command line option '-V'
gcc: fatal error: no input files
compilation terminated.
configure:2690: $? = 1
configure:2713: checking for C compiler default output file name
configure:2735: gcc    conftest.c  >&5
configure:2739: $? = 0
configure:2777: result: a.out
configure:2796: checking whether the C compiler works
configure:2806: ./a.out
configure:2810: $? = 0
configure:2829: result: yes
configure:2836: checking whether we are cross compiling
configure:2838: result: no
configure:2841: checking for suffix of executables
configure:2848: gcc -o conftest    conftest.c  >&5
configure:2852: $? = 0
configure:2878: result: 
configure:2884: checking for suffix of object files
configure:2910: gcc -c   conftest.c >&5
configure:2914: $? = 0
configure:2939: result: o
configure:2943: checking whether we are using the GNU C compiler
configure:2972: gcc -c   conftest.c >&5
configure:2979: $? = 0
configure:2996: result: yes
configure:3005: checking whether gcc accepts -g
configure:3035: gcc -c -g  conftest.c >&5
configure:3042: $? = 0
configure:3143: result: yes
configure:3160: checking for gcc option to accept ISO C89
configure:3234: gcc  -c -g -O2  conftest.c >&5
configure:3241: $? = 0
configure:3264: result: none needed
configure:3293: checking for style of include used by make
configure:3321: result: GNU
configure:3346: checking dependency style of gcc
configure:3456: result: gcc3
configure:3529: checking for xlC
configure:3559: result: no
configure:3529: checking for g++
configure:3545: found /usr/bin/g++
configure:3556: result: g++
configure:3583: checking for C++ compiler version
configure:3591: g++ --version >&5
g++ (Ubuntu 7.2.0-8ubuntu3.2) 7.2.0
Copyright (C) 2017 Free Software Foundation, Inc.
This is free software; see the source for copying conditions.  There is NO
warranty; not even for MERCHANTABILITY or FITNESS FOR A PARTICULAR PURPOSE.

configure:3595: $? = 0
configure:3602: g++ -v >&5
Using built-in specs.
COLLECT_GCC=g++
COLLECT_LTO_WRAPPER=/usr/lib/gcc/x86_64-linux-gnu/7/lto-wrapper
OFFLOAD_TARGET_NAMES=nvptx-none
OFFLOAD_TARGET_DEFAULT=1
Target: x86_64-linux-gnu
Configured with: ../src/configure -v --with-pkgversion='Ubuntu 7.2.0-8ubuntu3.2' --with-bugurl=file:///usr/share/doc/gcc-7/README.Bugs --enable-languages=c,ada,c++,go,brig,d,fortran,objc,obj-c++ --prefix=/usr --with-gcc-major-version-only --program-suffix=-7 --program-prefix=x86_64-linux-gnu- --enable-shared --enable-linker-build-id --libexecdir=/usr/lib --without-included-gettext --enable-threads=posix --libdir=/usr/lib --enable-nls --with-sysroot=/ --enable-clocale=gnu --enable-libstdcxx-debug --enable-libstdcxx-time=yes --with-default-libstdcxx-abi=new --enable-gnu-unique-object --disable-vtable-verify --enable-libmpx --enable-plugin --enable-default-pie --with-system-zlib --with-target-system-zlib --enable-objc-gc=auto --enable-multiarch --disable-werror --with-arch-32=i686 --with-abi=m64 --with-multilib-list=m32,m64,mx32 --enable-multilib --with-tune=generic --enable-offload-targets=nvptx-none --without-cuda-driver --enable-checking=release --build=x86_64-linux-gnu --host=x86_64-linux-gnu --target=x86_64-linux-gnu
Thread model: posix
gcc version 7.2.0 (Ubuntu 7.2.0-8ubuntu3.2) 
configure:3606: $? = 0
configure:3613: g++ -V >&5
g++: error: unrecognized command line option '-V'
g++: fatal error: no input files
compilation terminated.
configure:3617: $? = 1
configure:3620: checking whether we are using the GNU C++ compiler
configure:3649: g++ -c   conftest.cpp >&5
configure:3656: $? = 0
configure:3673: result: yes
configure:3682: checking whether g++ accepts -g
configure:3712: g++ -c -g  conftest.cpp >&5
configure:3719: $? = 0
configure:3820: result: yes
configure:3845: checking dependency style of g++
configure:3955: result: gcc3
configure:3985: checking for a BSD-compatible install
configure:4053: result: /usr/bin/install -c
configure:4074: checking for gcc option to support OpenMP
configure:4094: gcc -o conftest -g -O2   conftest.c  >&5
conftest.c:3:2: error: unknown type name 'choke'
  choke me
  ^~~~~
In file included from conftest.c:5:0:
/usr/lib/gcc/x86_64-linux-gnu/7/include/omp.h:35:1: error: expected '=', ',', ';', 'asm' or '__attribute__' before 'typedef'
 typedef struct
 ^~~~~~~
configure:4101: $? = 1
configure: failed program was:
| 
| #ifndef _OPENMP
|  choke me
| #endif
| #include <omp.h>
| int main () { return omp_get_num_threads (); }
| 
configure:4134: gcc -o conftest -g -O2 -fopenmp   conftest.c  >&5
configure:4141: $? = 0
configure:4171: result: -fopenmp
configure:4187: checking for log2 in -lm
configure:4222: gcc -o conftest -g -O2   conftest.c -lm -lgmp  >&5
conftest.c:17:6: warning: conflicting types for built-in function 'log2' [-Wbuiltin-declaration-mismatch]
 char log2 ();
      ^~~~
configure:4229: $? = 0
configure:4250: result: yes
configure:4266: checking how to run the C preprocessor
configure:4306: gcc -E  conftest.c
configure:4313: $? = 0
configure:4344: gcc -E  conftest.c
conftest.c:11:10: fatal error: ac_nonexistent.h: No such file or directory
 #include <ac_nonexistent.h>
          ^~~~~~~~~~~~~~~~~~
compilation terminated.
configure:4351: $? = 1
configure: failed program was:
| /* confdefs.h.  */
| #define PACKAGE_NAME "gtfold"
| #define PACKAGE_TARNAME "gtfold"
| #define PACKAGE_VERSION "2.0"
| #define PACKAGE_STRING "gtfold 2.0"
| #define PACKAGE_BUGREPORT ""
| #define PACKAGE "gtfold"
| #define VERSION "2.0"
| #define HAVE_LOG2 /**/
| /* end confdefs.h.  */
| #include <ac_nonexistent.h>
configure:4384: result: gcc -E
configure:4413: gcc -E  conftest.c
configure:4420: $? = 0
configure:4451: gcc -E  conftest.c
conftest.c:11:10: fatal error: ac_nonexistent.h: No such file or directory
 #include <ac_nonexistent.h>
          ^~~~~~~~~~~~~~~~~~
compilation terminated.
configure:4458: $? = 1
configure: failed program was:
| /* confdefs.h.  */
| #define PACKAGE_NAME "gtfold"
| #define PACKAGE_TARNAME "gtfold"
| #define PACKAGE_VERSION "2.0"
| #define PACKAGE_STRING "gtfold 2.0"
| #define PACKAGE_BUGREPORT ""
| #define PACKAGE "gtfold"
| #define VERSION "2.0"
| #define HAVE_LOG2 /**/
| /* end confdefs.h.  */
| #include <ac_nonexistent.h>
configure:4498: checking for grep that handles long lines and -e
configure:4558: result: /bin/grep
configure:4563: checking for egrep
configure:4627: result: /bin/grep -E
configure:4632: checking for ANSI C header files
configure:4662: gcc -c -g -O2  conftest.c >&5
configure:4669: $? = 0
configure:4768: gcc -o conftest -g -O2   conftest.c -lgmp  >&5
configure:4772: $? = 0
configure:4778: ./conftest
configure:4782: $? = 0
configure:4800: result: yes
configure:4826: checking for sys/types.h
configure:4847: gcc -c -g -O2  conftest.c >&5
configure:4854: $? = 0
configure:4871: result: yes
configure:4826: checking for sys/stat.h
configure:4847: gcc -c -g -O2  conftest.c >&5
configure:4854: $? = 0
configure:4871: result: yes
configure:4826: checking for stdlib.h
configure:4847: gcc -c -g -O2  conftest.c >&5
configure:4854: $? = 0
configure:4871: result: yes
configure:4826: checking for string.h
configure:4847: gcc -c -g -O2  conftest.c >&5
configure:4854: $? = 0
configure:4871: result: yes
configure:4826: checking for memory.h
configure:4847: gcc -c -g -O2  conftest.c >&5
configure:4854: $? = 0
configure:4871: result: yes
configure:4826: checking for strings.h
configure:4847: gcc -c -g -O2  conftest.c >&5
configure:4854: $? = 0
configure:4871: result: yes
configure:4826: checking for inttypes.h
configure:4847: gcc -c -g -O2  conftest.c >&5
configure:4854: $? = 0
configure:4871: result: yes
configure:4826: checking for stdint.h
configure:4847: gcc -c -g -O2  conftest.c >&5
configure:4854: $? = 0
configure:4871: result: yes
configure:4826: checking for unistd.h
configure:4847: gcc -c -g -O2  conftest.c >&5
configure:4854: $? = 0
configure:4871: result: yes
configure:4892: checking for stdlib.h
configure:4899: result: yes
configure:4892: checking for string.h
configure:4899: result: yes
configure:4903: checking sys/time.h usability
configure:4920: gcc -c -g -O2  conftest.c >&5
configure:4927: $? = 0
configure:4941: result: yes
configure:4945: checking sys/time.h presence
configure:4960: gcc -E  conftest.c
configure:4967: $? = 0
configure:4981: result: yes
configure:5009: checking for sys/time.h
configure:5018: result: yes
configure:5034: checking for an ANSI C-conforming const
configure:5109: gcc -c -g -O2  conftest.c >&5
configure:5116: $? = 0
configure:5131: result: yes
configure:5141: checking for inline
configure:5167: gcc -c -g -O2  conftest.c >&5
configure:5174: $? = 0
configure:5192: result: inline
configure:5211: checking for size_t
configure:5239: gcc -c -g -O2  conftest.c >&5
configure:5246: $? = 0
configure:5273: gcc -c -g -O2  conftest.c >&5
conftest.c: In function 'main':
conftest.c:60:21: error: expected expression before ')' token
 if (sizeof ((size_t)))
                     ^
configure:5280: $? = 1
configure: failed program was:
| /* confdefs.h.  */
| #define PACKAGE_NAME "gtfold"
| #define PACKAGE_TARNAME "gtfold"
| #define PACKAGE_VERSION "2.0"
| #define PACKAGE_STRING "gtfold 2.0"
| #define PACKAGE_BUGREPORT ""
| #define PACKAGE "gtfold"
| #define VERSION "2.0"
| #define HAVE_LOG2 /**/
| #define STDC_HEADERS 1
| #define HAVE_SYS_TYPES_H 1
| #define HAVE_SYS_STAT_H 1
| #define HAVE_STDLIB_H 1
| #define HAVE_STRING_H 1
| #define HAVE_MEMORY_H 1
| #define HAVE_STRINGS_H 1
| #define HAVE_INTTYPES_H 1
| #define HAVE_STDINT_H 1
| #define HAVE_UNISTD_H 1
| #define HAVE_STDLIB_H 1
| #define HAVE_STRING_H 1
| #define HAVE_SYS_TIME_H 1
| /* end confdefs.h.  */
| #include <stdio.h>
| #ifdef HAVE_SYS_TYPES_H
| # include <sys/types.h>
| #endif
| #ifdef HAVE_SYS_STAT_H
| # include <sys/stat.h>
| #endif
| #ifdef STDC_HEADERS
| # include <stdlib.h>
| # include <stddef.h>
| #else
| # ifdef HAVE_STDLIB_H
| #  include <stdlib.h>
| # endif
| #endif
| #ifdef HAVE_STRING_H
| # if !defined STDC_HEADERS && defined HAVE_MEMORY_H
| #  include <memory.h>
| # endif
| # include <string.h>
| #endif
| #ifdef HAVE_STRINGS_H
| # include <strings.h>
| #endif
| #ifdef HAVE_INTTYPES_H
| # include <inttypes.h>
| #endif
| #ifdef HAVE_STDINT_H
| # include <stdint.h>
| #endif
| #ifdef HAVE_UNISTD_H
| # include <unistd.h>
| #endif
| int
| main ()
| {
| if (sizeof ((size_t)))
| 	  return 0;
|   ;
|   return 0;
| }
configure:5303: result: yes
configure:5315: checking whether time.h and sys/time.h may both be included
configure:5345: gcc -c -g -O2  conftest.c >&5
configure:5352: $? = 0
configure:5367: result: yes
configure:5377: checking whether struct tm is in sys/time.h or time.h
configure:5407: gcc -c -g -O2  conftest.c >&5
configure:5414: $? = 0
configure:5429: result: time.h
configure:5461: checking for Sun C compiler
configure:5487: gcc -c -g -O2 -Wall  conftest.c >&5
conftest.c: In function 'main':
conftest.c:30:30: fatal error: error: this is not a Sun C compiler.: No such file or directory
                     #include "error: this is not a Sun C compiler."
                              ^~~~~~~~~~~~~~~~~~~~~~~~~~~~~~~~~~~~~~
compilation terminated.
configure:5494: $? = 1
configure: failed program was:
| /* confdefs.h.  */
| #define PACKAGE_NAME "gtfold"
| #define PACKAGE_TARNAME "gtfold"
| #define PACKAGE_VERSION "2.0"
| #define PACKAGE_STRING "gtfold 2.0"
| #define PACKAGE_BUGREPORT ""
| #define PACKAGE "gtfold"
| #define VERSION "2.0"
| #define HAVE_LOG2 /**/
| #define STDC_HEADERS 1
| #define HAVE_SYS_TYPES_H 1
| #define HAVE_SYS_STAT_H 1
| #define HAVE_STDLIB_H 1
| #define HAVE_STRING_H 1
| #define HAVE_MEMORY_H 1
| #define HAVE_STRINGS_H 1
| #define HAVE_INTTYPES_H 1
| #define HAVE_STDINT_H 1
| #define HAVE_UNISTD_H 1
| #define HAVE_STDLIB_H 1
| #define HAVE_STRING_H 1
| #define HAVE_SYS_TIME_H 1
| #define TIME_WITH_SYS_TIME 1
| /* end confdefs.h.  */
| 
| int
| main ()
| {
| #ifndef __SUNPRO_C
|                     #include "error: this is not a Sun C compiler."
|                     #endif
| 
|   ;
|   return 0;
| }
configure:5506: result: no
configure:5644: checking for GOMP_parallel_start in -lomp
configure:5679: gcc -o conftest -g -O2 -Wall   conftest.c -lomp  -lgmp  >&5
/usr/bin/ld: cannot find -lomp
collect2: error: ld returned 1 exit status
configure:5686: $? = 1
configure: failed program was:
| /* confdefs.h.  */
| #define PACKAGE_NAME "gtfold"
| #define PACKAGE_TARNAME "gtfold"
| #define PACKAGE_VERSION "2.0"
| #define PACKAGE_STRING "gtfold 2.0"
| #define PACKAGE_BUGREPORT ""
| #define PACKAGE "gtfold"
| #define VERSION "2.0"
| #define HAVE_LOG2 /**/
| #define STDC_HEADERS 1
| #define HAVE_SYS_TYPES_H 1
| #define HAVE_SYS_STAT_H 1
| #define HAVE_STDLIB_H 1
| #define HAVE_STRING_H 1
| #define HAVE_MEMORY_H 1
| #define HAVE_STRINGS_H 1
| #define HAVE_INTTYPES_H 1
| #define HAVE_STDINT_H 1
| #define HAVE_UNISTD_H 1
| #define HAVE_STDLIB_H 1
| #define HAVE_STRING_H 1
| #define HAVE_SYS_TIME_H 1
| #define TIME_WITH_SYS_TIME 1
| /* end confdefs.h.  */
| 
| /* Override any GCC internal prototype to avoid an error.
|    Use char because int might match the return type of a GCC
|    builtin and then its argument prototype would still apply.  */
| #ifdef __cplusplus
| extern "C"
| #endif
| char GOMP_parallel_start ();
| int
| main ()
| {
| return GOMP_parallel_start ();
|   ;
|   return 0;
| }
configure:5707: result: no
configure:5713: checking for GOMP_parallel_start in -lgomp
configure:5748: gcc -o conftest -g -O2 -Wall   conftest.c -lgomp  -lgmp  >&5
configure:5755: $? = 0
configure:5776: result: yes
configure:5932: checking for floor
configure:5988: gcc -o conftest -g -O2 -Wall   conftest.c -lgomp -lgmp  >&5
conftest.c:48:6: warning: conflicting types for built-in function 'floor' [-Wbuiltin-declaration-mismatch]
 char floor ();
      ^~~~~
/tmp/cc3YycHo.o: In function `main':
/home/liq1/Downloads/gtfold-master/gtfold-mfe/conftest.c:59: undefined reference to `floor'
collect2: error: ld returned 1 exit status
configure:5995: $? = 1
configure: failed program was:
| /* confdefs.h.  */
| #define PACKAGE_NAME "gtfold"
| #define PACKAGE_TARNAME "gtfold"
| #define PACKAGE_VERSION "2.0"
| #define PACKAGE_STRING "gtfold 2.0"
| #define PACKAGE_BUGREPORT ""
| #define PACKAGE "gtfold"
| #define VERSION "2.0"
| #define HAVE_LOG2 /**/
| #define STDC_HEADERS 1
| #define HAVE_SYS_TYPES_H 1
| #define HAVE_SYS_STAT_H 1
| #define HAVE_STDLIB_H 1
| #define HAVE_STRING_H 1
| #define HAVE_MEMORY_H 1
| #define HAVE_STRINGS_H 1
| #define HAVE_INTTYPES_H 1
| #define HAVE_STDINT_H 1
| #define HAVE_UNISTD_H 1
| #define HAVE_STDLIB_H 1
| #define HAVE_STRING_H 1
| #define HAVE_SYS_TIME_H 1
| #define TIME_WITH_SYS_TIME 1
| /* end confdefs.h.  */
| /* Define floor to an innocuous variant, in case <limits.h> declares floor.
|    For example, HP-UX 11i <limits.h> declares gettimeofday.  */
| #define floor innocuous_floor
| 
| /* System header to define __stub macros and hopefully few prototypes,
|     which can conflict with char floor (); below.
|     Prefer <limits.h> to <assert.h> if __STDC__ is defined, since
|     <limits.h> exists even on freestanding compilers.  */
| 
| #ifdef __STDC__
| # include <limits.h>
| #else
| # include <assert.h>
| #endif
| 
| #undef floor
| 
| /* Override any GCC internal prototype to avoid an error.
|    Use char because int might match the return type of a GCC
|    builtin and then its argument prototype would still apply.  */
| #ifdef __cplusplus
| extern "C"
| #endif
| char floor ();
| /* The GNU C library defines this for functions which it implements
|     to always fail with ENOSYS.  Some functions are actually named
|     something starting with __ and the normal name is an alias.  */
| #if defined __stub_floor || defined __stub___floor
| choke me
| #endif
| 
| int
| main ()
| {
| return floor ();
|   ;
|   return 0;
| }
configure:6017: result: no
configure:5932: checking for gettimeofday
configure:5988: gcc -o conftest -g -O2 -Wall   conftest.c -lgomp -lgmp  >&5
configure:5995: $? = 0
configure:6017: result: yes
configure:5932: checking for pow
configure:5988: gcc -o conftest -g -O2 -Wall   conftest.c -lgomp -lgmp  >&5
conftest.c:49:6: warning: conflicting types for built-in function 'pow' [-Wbuiltin-declaration-mismatch]
 char pow ();
      ^~~
/tmp/ccBriLGx.o: In function `main':
/home/liq1/Downloads/gtfold-master/gtfold-mfe/conftest.c:60: undefined reference to `pow'
collect2: error: ld returned 1 exit status
configure:5995: $? = 1
configure: failed program was:
| /* confdefs.h.  */
| #define PACKAGE_NAME "gtfold"
| #define PACKAGE_TARNAME "gtfold"
| #define PACKAGE_VERSION "2.0"
| #define PACKAGE_STRING "gtfold 2.0"
| #define PACKAGE_BUGREPORT ""
| #define PACKAGE "gtfold"
| #define VERSION "2.0"
| #define HAVE_LOG2 /**/
| #define STDC_HEADERS 1
| #define HAVE_SYS_TYPES_H 1
| #define HAVE_SYS_STAT_H 1
| #define HAVE_STDLIB_H 1
| #define HAVE_STRING_H 1
| #define HAVE_MEMORY_H 1
| #define HAVE_STRINGS_H 1
| #define HAVE_INTTYPES_H 1
| #define HAVE_STDINT_H 1
| #define HAVE_UNISTD_H 1
| #define HAVE_STDLIB_H 1
| #define HAVE_STRING_H 1
| #define HAVE_SYS_TIME_H 1
| #define TIME_WITH_SYS_TIME 1
| #define HAVE_GETTIMEOFDAY 1
| /* end confdefs.h.  */
| /* Define pow to an innocuous variant, in case <limits.h> declares pow.
|    For example, HP-UX 11i <limits.h> declares gettimeofday.  */
| #define pow innocuous_pow
| 
| /* System header to define __stub macros and hopefully few prototypes,
|     which can conflict with char pow (); below.
|     Prefer <limits.h> to <assert.h> if __STDC__ is defined, since
|     <limits.h> exists even on freestanding compilers.  */
| 
| #ifdef __STDC__
| # include <limits.h>
| #else
| # include <assert.h>
| #endif
| 
| #undef pow
| 
| /* Override any GCC internal prototype to avoid an error.
|    Use char because int might match the return type of a GCC
|    builtin and then its argument prototype would still apply.  */
| #ifdef __cplusplus
| extern "C"
| #endif
| char pow ();
| /* The GNU C library defines this for functions which it implements
|     to always fail with ENOSYS.  Some functions are actually named
|     something starting with __ and the normal name is an alias.  */
| #if defined __stub_pow || defined __stub___pow
| choke me
| #endif
| 
| int
| main ()
| {
| return pow ();
|   ;
|   return 0;
| }
configure:6017: result: no
configure:6196: creating ./config.status

## ---------------------- ##
## Running config.status. ##
## ---------------------- ##

This file was extended by gtfold config.status 2.0, which was
generated by GNU Autoconf 2.63.  Invocation command line was

  CONFIG_FILES    = 
  CONFIG_HEADERS  = 
  CONFIG_LINKS    = 
  CONFIG_COMMANDS = 
  $ ./config.status 

on liq1-VirtualBox

config.status:806: creating Makefile
config.status:806: creating src/Makefile
config.status:806: creating data/Makefile
config.status:806: creating include/Makefile
config.status:806: creating data/Turner99/Makefile
config.status:806: creating data/Turner04/Makefile
config.status:806: creating data/Andronescu/Makefile
config.status:806: creating data/UNAParams/Makefile
config.status:806: creating data/RNAParams/Makefile
config.status:806: creating gtfold_config.h
config.status:1028: gtfold_config.h is unchanged
config.status:1080: executing depfiles commands

## ---------------- ##
## Cache variables. ##
## ---------------- ##

ac_cv_build=x86_64-unknown-linux-gnu
ac_cv_c_compiler_gnu=yes
ac_cv_c_const=yes
ac_cv_c_inline=inline
ac_cv_cxx_compiler_gnu=yes
ac_cv_env_CCC_set=
ac_cv_env_CCC_value=
ac_cv_env_CC_set=
ac_cv_env_CC_value=
ac_cv_env_CFLAGS_set=
ac_cv_env_CFLAGS_value=
ac_cv_env_CPPFLAGS_set=
ac_cv_env_CPPFLAGS_value=
ac_cv_env_CPP_set=
ac_cv_env_CPP_value=
ac_cv_env_CXXFLAGS_set=
ac_cv_env_CXXFLAGS_value=
ac_cv_env_CXX_set=
ac_cv_env_CXX_value=
ac_cv_env_LDFLAGS_set=
ac_cv_env_LDFLAGS_value=
ac_cv_env_LIBS_set=
ac_cv_env_LIBS_value=
ac_cv_env_build_alias_set=
ac_cv_env_build_alias_value=
ac_cv_env_host_alias_set=
ac_cv_env_host_alias_value=
ac_cv_env_target_alias_set=
ac_cv_env_target_alias_value=
ac_cv_func_floor=no
ac_cv_func_gettimeofday=yes
ac_cv_func_pow=no
ac_cv_header_inttypes_h=yes
ac_cv_header_memory_h=yes
ac_cv_header_stdc=yes
ac_cv_header_stdint_h=yes
ac_cv_header_stdlib_h=yes
ac_cv_header_string_h=yes
ac_cv_header_strings_h=yes
ac_cv_header_sys_stat_h=yes
ac_cv_header_sys_time_h=yes
ac_cv_header_sys_types_h=yes
ac_cv_header_time=yes
ac_cv_header_unistd_h=yes
ac_cv_host=x86_64-unknown-linux-gnu
ac_cv_lib_gomp_GOMP_parallel_start=yes
ac_cv_lib_m_log2=yes
ac_cv_lib_omp_GOMP_parallel_start=no
ac_cv_objext=o
ac_cv_path_EGREP='/bin/grep -E'
ac_cv_path_GREP=/bin/grep
ac_cv_path_install='/usr/bin/install -c'
ac_cv_path_mkdir=/bin/mkdir
ac_cv_prog_AWK=mawk
ac_cv_prog_CPP='gcc -E'
ac_cv_prog_ac_ct_CC=gcc
ac_cv_prog_ac_ct_CXX=g++
ac_cv_prog_c_openmp=-fopenmp
ac_cv_prog_cc_c89=
ac_cv_prog_cc_g=yes
ac_cv_prog_cxx_g=yes
ac_cv_prog_make_make_set=yes
ac_cv_struct_tm=time.h
ac_cv_target=x86_64-unknown-linux-gnu
ac_cv_type_size_t=yes
am_cv_CC_dependencies_compiler_type=gcc3
am_cv_CXX_dependencies_compiler_type=gcc3
gtfold_cv_check_sunpro_cc=no
gtfold_cv_enable_64bit=no

## ----------------- ##
## Output variables. ##
## ----------------- ##

ACLOCAL='${SHELL} /home/liq1/Downloads/gtfold-master/gtfold-mfe/missing --run aclocal-1.11'
AMDEPBACKSLASH='\'
AMDEP_FALSE='#'
AMDEP_TRUE=''
AMTAR='${SHELL} /home/liq1/Downloads/gtfold-master/gtfold-mfe/missing --run tar'
AUTOCONF='${SHELL} /home/liq1/Downloads/gtfold-master/gtfold-mfe/missing --run autoconf'
AUTOHEADER='${SHELL} /home/liq1/Downloads/gtfold-master/gtfold-mfe/missing --run autoheader'
AUTOMAKE='${SHELL} /home/liq1/Downloads/gtfold-master/gtfold-mfe/missing --run automake-1.11'
AWK='mawk'
CC='gcc'
CCDEPMODE='depmode=gcc3'
CFLAGS='-g -O2 -Wall'
CPP='gcc -E'
CPPFLAGS=''
CXX='g++'
CXXDEPMODE='depmode=gcc3'
CXXFLAGS='-g -O2 -fopenmp -Wall'
CYGPATH_W='echo'
DEFS='-DHAVE_CONFIG_H'
DEPDIR='.deps'
ECHO_C=''
ECHO_N='-n'
ECHO_T=''
EGREP='/bin/grep -E'
EXEEXT=''
GREP='/bin/grep'
GTFOLD_DEBUG_FALSE=''
GTFOLD_DEBUG_TRUE='#'
INSTALL_DATA='${INSTALL} -m 644'
INSTALL_PROGRAM='${INSTALL}'
INSTALL_SCRIPT='${INSTALL}'
INSTALL_STRIP_PROGRAM='$(install_sh) -c -s'
LDFLAGS=''
LIBOBJS=''
LIBS='-lgomp -lgmp '
LTLIBOBJS=''
MAKEINFO='${SHELL} /home/liq1/Downloads/gtfold-master/gtfold-mfe/missing --run makeinfo'
MKDIR_P='/bin/mkdir -p'
OBJEXT='o'
OPENMP_CFLAGS='-fopenmp'
PACKAGE='gtfold'
PACKAGE_BUGREPORT=''
PACKAGE_NAME='gtfold'
PACKAGE_STRING='gtfold 2.0'
PACKAGE_TARNAME='gtfold'
PACKAGE_VERSION='2.0'
PATH_SEPARATOR=':'
SET_MAKE=''
SHELL='/bin/bash'
STRIP=''
VERSION='2.0'
ac_ct_CC='gcc'
ac_ct_CXX='g++'
am__EXEEXT_FALSE=''
am__EXEEXT_TRUE='#'
am__fastdepCC_FALSE='#'
am__fastdepCC_TRUE=''
am__fastdepCXX_FALSE='#'
am__fastdepCXX_TRUE=''
am__include='include'
am__isrc=''
am__leading_dot='.'
am__quote=''
am__tar='${AMTAR} chof - "$$tardir"'
am__untar='${AMTAR} xf -'
bindir='${exec_prefix}/bin'
build='x86_64-unknown-linux-gnu'
build_alias=''
build_cpu='x86_64'
build_os='linux-gnu'
build_vendor='unknown'
datadir='${datarootdir}'
datarootdir='${prefix}/share'
docdir='${datarootdir}/doc/${PACKAGE_TARNAME}'
dvidir='${docdir}'
exec_prefix='${prefix}'
host='x86_64-unknown-linux-gnu'
host_alias=''
host_cpu='x86_64'
host_os='linux-gnu'
host_vendor='unknown'
htmldir='${docdir}'
includedir='${prefix}/include'
infodir='${datarootdir}/info'
install_sh='${SHELL} /home/liq1/Downloads/gtfold-master/gtfold-mfe/install-sh'
libdir='${exec_prefix}/lib'
libexecdir='${exec_prefix}/libexec'
localedir='${datarootdir}/locale'
localstatedir='${prefix}/var'
mandir='${datarootdir}/man'
mkdir_p='/bin/mkdir -p'
oldincludedir='/usr/include'
pdfdir='${docdir}'
prefix='/usr/local'
program_transform_name='s,x,x,'
psdir='${docdir}'
sbindir='${exec_prefix}/sbin'
sharedstatedir='${prefix}/com'
sysconfdir='${prefix}/etc'
target='x86_64-unknown-linux-gnu'
target_alias=''
target_cpu='x86_64'
target_os='linux-gnu'
target_vendor='unknown'

## ----------- ##
## confdefs.h. ##
## ----------- ##

#define PACKAGE_NAME "gtfold"
#define PACKAGE_TARNAME "gtfold"
#define PACKAGE_VERSION "2.0"
#define PACKAGE_STRING "gtfold 2.0"
#define PACKAGE_BUGREPORT ""
#define PACKAGE "gtfold"
#define VERSION "2.0"
#define HAVE_LOG2 /**/
#define STDC_HEADERS 1
#define HAVE_SYS_TYPES_H 1
#define HAVE_SYS_STAT_H 1
#define HAVE_STDLIB_H 1
#define HAVE_STRING_H 1
#define HAVE_MEMORY_H 1
#define HAVE_STRINGS_H 1
#define HAVE_INTTYPES_H 1
#define HAVE_STDINT_H 1
#define HAVE_UNISTD_H 1
#define HAVE_STDLIB_H 1
#define HAVE_STRING_H 1
#define HAVE_SYS_TIME_H 1
#define TIME_WITH_SYS_TIME 1
#define HAVE_GETTIMEOFDAY 1

configure: exit 0

## ---------------------- ##
## Running config.status. ##
## ---------------------- ##

This file was extended by gtfold config.status 2.0, which was
generated by GNU Autoconf 2.63.  Invocation command line was

  CONFIG_FILES    = 
  CONFIG_HEADERS  = 
  CONFIG_LINKS    = 
  CONFIG_COMMANDS = 
  $ ./config.status src/Makefile depfiles

on liq1-VirtualBox

config.status:806: creating src/Makefile
config.status:1080: executing depfiles commands

## ---------------------- ##
## Running config.status. ##
## ---------------------- ##

This file was extended by gtfold config.status 2.0, which was
generated by GNU Autoconf 2.63.  Invocation command line was

  CONFIG_FILES    = 
  CONFIG_HEADERS  = 
  CONFIG_LINKS    = 
  CONFIG_COMMANDS = 
  $ ./config.status src/Makefile depfiles

on liq1-VirtualBox

config.status:806: creating src/Makefile
config.status:1080: executing depfiles commands

## ---------------------- ##
## Running config.status. ##
## ---------------------- ##

This file was extended by gtfold config.status 2.0, which was
generated by GNU Autoconf 2.63.  Invocation command line was

  CONFIG_FILES    = 
  CONFIG_HEADERS  = 
  CONFIG_LINKS    = 
  CONFIG_COMMANDS = 
  $ ./config.status Makefile

on liq1-VirtualBox

config.status:806: creating Makefile

## ---------------------- ##
## Running config.status. ##
## ---------------------- ##

This file was extended by gtfold config.status 2.0, which was
generated by GNU Autoconf 2.63.  Invocation command line was

  CONFIG_FILES    = 
  CONFIG_HEADERS  = 
  CONFIG_LINKS    = 
  CONFIG_COMMANDS = 
  $ ./config.status include/Makefile

on liq1-VirtualBox

config.status:806: creating include/Makefile

## ---------------------- ##
## Running config.status. ##
## ---------------------- ##

This file was extended by gtfold config.status 2.0, which was
generated by GNU Autoconf 2.63.  Invocation command line was

  CONFIG_FILES    = 
  CONFIG_HEADERS  = 
  CONFIG_LINKS    = 
  CONFIG_COMMANDS = 
  $ ./config.status data/Makefile

on liq1-VirtualBox

config.status:806: creating data/Makefile

## ---------------------- ##
## Running config.status. ##
## ---------------------- ##

This file was extended by gtfold config.status 2.0, which was
generated by GNU Autoconf 2.63.  Invocation command line was

  CONFIG_FILES    = 
  CONFIG_HEADERS  = 
  CONFIG_LINKS    = 
  CONFIG_COMMANDS = 
  $ ./config.status data/UNAParams/Makefile

on liq1-VirtualBox

config.status:806: creating data/UNAParams/Makefile

## ---------------------- ##
## Running config.status. ##
## ---------------------- ##

This file was extended by gtfold config.status 2.0, which was
generated by GNU Autoconf 2.63.  Invocation command line was

  CONFIG_FILES    = 
  CONFIG_HEADERS  = 
  CONFIG_LINKS    = 
  CONFIG_COMMANDS = 
  $ ./config.status data/RNAParams/Makefile

on liq1-VirtualBox

config.status:806: creating data/RNAParams/Makefile

## ---------------------- ##
## Running config.status. ##
## ---------------------- ##

This file was extended by gtfold config.status 2.0, which was
generated by GNU Autoconf 2.63.  Invocation command line was

  CONFIG_FILES    = 
  CONFIG_HEADERS  = 
  CONFIG_LINKS    = 
  CONFIG_COMMANDS = 
  $ ./config.status data/Turner04/Makefile

on liq1-VirtualBox

config.status:806: creating data/Turner04/Makefile

## ---------------------- ##
## Running config.status. ##
## ---------------------- ##

This file was extended by gtfold config.status 2.0, which was
generated by GNU Autoconf 2.63.  Invocation command line was

  CONFIG_FILES    = 
  CONFIG_HEADERS  = 
  CONFIG_LINKS    = 
  CONFIG_COMMANDS = 
  $ ./config.status data/Turner99/Makefile

on liq1-VirtualBox

config.status:806: creating data/Turner99/Makefile

## ---------------------- ##
## Running config.status. ##
## ---------------------- ##

This file was extended by gtfold config.status 2.0, which was
generated by GNU Autoconf 2.63.  Invocation command line was

  CONFIG_FILES    = 
  CONFIG_HEADERS  = 
  CONFIG_LINKS    = 
  CONFIG_COMMANDS = 
  $ ./config.status data/Andronescu/Makefile

on liq1-VirtualBox

config.status:806: creating data/Andronescu/Makefile
